[2025-03-04 08:48:05.307840-08:00] [INFO] Starting process at 2025-03-04 08:48:05.307536-08:00
[2025-03-04 08:48:05.308129-08:00] [2025-03-04 08:48:05.308051-08:00] Running 1-game_pks.py...
[2025-03-04 08:49:03.380945-08:00] [2025-03-04 08:49:03.380736-08:00] Running 2-player_ids.py...
[2025-03-04 08:49:27.603986-08:00] [2025-03-04 08:49:27.603753-08:00] Running 3-gamelogs.py...
[2025-03-04 08:50:56.827562-08:00] [2025-03-04 08:50:56.827310-08:00] Running 4-odds.py...
[2025-03-04 08:51:54.063986-08:00] [2025-03-04 08:51:54.063687-08:00] Running 5-playerstats.py...
[2025-03-04 09:34:03.554601-08:00] [2025-03-04 09:34:03.554357-08:00] Running 6-customstats.py...
[2025-03-04 09:37:28.929243-08:00] [2025-03-04 09:37:28.929017-08:00] Running 7-currentdata.py...
[2025-03-04 09:37:47.933550-08:00] [2025-03-04 09:37:47.933340-08:00] Running 8-scrape-odds.py...
[2025-03-04 09:38:13.080089-08:00] [2025-03-04 09:38:13.079849-08:00] Running 9-predict.py...
[2025-03-04 09:38:16.181991-08:00] [2025-03-04 09:38:16.181807-08:00] Running 3-gamelogs.py...
[2025-03-04 09:39:46.676832-08:00] [2025-03-04 09:39:46.676583-08:00] Running 4-odds.py...
[2025-03-04 09:40:44.080087-08:00] [2025-03-04 09:40:44.079847-08:00] Running 6-customstats.py...
[2025-03-04 09:43:58.086530-08:00] [2025-03-04 09:43:58.084368-08:00] Running 7-currentdata.py...
[2025-03-04 09:44:17.351981-08:00] [2025-03-04 09:44:17.351743-08:00] Running 8-scrape-odds.py...
[2025-03-04 09:44:39.046268-08:00] [2025-03-04 09:44:39.045727-08:00] Running 9-predict.py...
[2025-03-04 09:44:42.183648-08:00] [2025-03-04 09:44:42.183341-08:00] Committing and pushing changes to Github...
[2025-03-04 11:06:41.466935-08:00] [2025-03-04 11:06:41.466580-08:00] Running 3-gamelogs.py...
[2025-03-04 11:08:25.008724-08:00] [2025-03-04 11:08:25.008459-08:00] Running 4-odds.py...
[2025-03-04 11:09:33.846005-08:00] [2025-03-04 11:09:33.845769-08:00] Running 6-customstats.py...
[2025-03-04 11:12:48.573418-08:00] [2025-03-04 11:12:48.572977-08:00] Running 7-currentdata.py...
[2025-03-04 11:13:06.810332-08:00] [2025-03-04 11:13:06.810078-08:00] Running 8-scrape-odds.py...
[2025-03-04 11:13:27.912559-08:00] [2025-03-04 11:13:27.912320-08:00] Running 9-predict.py...
[2025-03-04 11:13:31.207906-08:00] [2025-03-04 11:13:31.207691-08:00] Committing and pushing changes to Github...
[2025-03-04 11:13:33.123660-08:00] [2025-03-04 11:13:33.123462-08:00] Sleeping for 30 minutes
[2025-03-04 11:43:33.154823-08:00] [2025-03-04 11:43:33.154473-08:00] Running 3-gamelogs.py...
[2025-03-04 11:45:26.089390-08:00] [2025-03-04 11:45:26.089147-08:00] Running 4-odds.py...
[2025-03-04 11:46:33.585813-08:00] [2025-03-04 11:46:33.585598-08:00] Running 6-customstats.py...
[2025-03-04 11:49:44.897010-08:00] [2025-03-04 11:49:44.896767-08:00] Running 7-currentdata.py...
[2025-03-04 11:50:03.220659-08:00] [2025-03-04 11:50:03.220407-08:00] Running 8-scrape-odds.py...
[2025-03-04 11:50:27.944512-08:00] [2025-03-04 11:50:27.944134-08:00] Running 9-predict.py...
[2025-03-04 11:50:30.888515-08:00] [2025-03-04 11:50:30.888215-08:00] Committing and pushing changes to Github...
