2025-07-01T01:59:13.935460 | 1939739511824777589 | lock of the day | Yup. Been seeing it play out just like this.
2025-07-01T01:59:25.403209 | 1939634294596452715 | lock of the day | Yup. Been seeing it play out just like this.
2025-07-01T01:59:38.353212 | 1939553094309708192 | lock of the day | More people need to realize this.
2025-07-01T01:59:49.454170 | 1939575889957621956 | lock of the day | Underrated take right here.
2025-07-01T02:00:00.244015 | 1939779432153272456 | lock of the day | Hard to disagree with this
2025-07-01T02:00:10.326831 | 1939779490596442266 | lock of the day | Facts. Been thinking the same.
2025-07-01T02:00:21.185254 | 1939321728834138361 | lock of the day | More people need to realize this.
2025-07-01T02:00:31.725083 | 1939369260469436523 | lock of the day | Yup. Been seeing it play out just like this.
2025-07-01T02:00:42.076862 | 1938729299978396120 | lock of the day | This needs more attention.
2025-07-01T02:00:52.342146 | 1939099610502357392 | lock of the day | Cooking
2025-07-01T02:01:28.749038 | 1939790118358839568 | MLB betting | This is solid perspective
2025-07-01T02:01:38.873840 | 1939852636477432309 | MLB betting | Noted
2025-07-01T02:01:48.873519 | 1939777027701350812 | MLB betting | Thanks for sharing this
2025-07-01T02:01:58.794127 | 1939375814501343523 | MLB betting | Noted
2025-07-01T02:02:09.005969 | 1939661180747845863 | MLB betting | Watching closely
2025-07-01T02:02:20.590651 | 1939563804158730417 | MLB betting | Always interesting to see different angles
2025-07-01T02:02:30.723848 | 1936835323121840132 | MLB betting | Thanks for sharing this
2025-07-01T02:02:40.743308 | 1939441182712705239 | MLB betting | Noted
2025-07-01T02:02:50.970419 | 1939850024252268615 | MLB betting | Good stuff right here
2025-07-01T02:03:01.068880 | 1939324629971279937 | MLB betting | Noted
2025-06-30T21:22:15.088196 | 1939793798424666292 | mlb pick of the day | Underrated take right here.
2025-06-30T21:22:25.160696 | 1938240999437877277 | mlb pick of the day | Cant argue with that
2025-06-30T21:22:35.524500 | 1938242525313060867 | mlb pick of the day | Yup. Been seeing it play out just like this.
2025-06-30T21:22:46.891503 | 1936824409257357488 | mlb pick of the day | Facts. Been thinking the same.
2025-06-30T21:22:57.410190 | 1937877723231182990 | mlb pick of the day | Cooking
2025-06-30T21:23:08.564405 | 1937154188800057607 | mlb pick of the day | Real ones know.
2025-06-30T21:23:18.838103 | 1937853604192235851 | mlb pick of the day | This needs more attention.
2025-06-30T21:23:29.057300 | 1937948868328501511 | mlb pick of the day | People arent talking about this enough.
2025-06-30T21:23:39.091445 | 1937692994137895003 | mlb pick of the day | More people need to realize this.
2025-06-30T21:23:49.276871 | 1938682023004229740 | mlb pick of the day | Underrated take right here.
2025-06-30T21:24:19.834801 | 1937924931800477896 | mlb parlay | Great insight
2025-06-30T21:24:29.850033 | 1939550843361272315 | mlb parlay | Great insight
